<?xml version="1.0" encoding="UTF-8"?>
<!-- Generated by org.testng.reporters.JUnitReportReporter -->
<testsuite skipped="0" hostname="SaniketLaptop" name="Bblog.testcase.TC01" tests="1" failures="0" timestamp="2020-06-18T17:40:08 IST" time="47.818" errors="0">
  <testcase name="BblogTestCase" time="47.818" classname="Bblog.testcase.TC01"/>
</testsuite> <!-- Bblog.testcase.TC01 -->
